mode: atomic
github.com/kamontat/go-error-manager/err_manager.go:19.24,26.2 1 1
github.com/kamontat/go-error-manager/err_manager.go:31.37,33.2 1 3
github.com/kamontat/go-error-manager/err_manager.go:36.57,38.2 1 1
github.com/kamontat/go-error-manager/err_manager.go:41.31,43.2 1 1
github.com/kamontat/go-error-manager/err_manager.go:46.68,49.2 2 13
github.com/kamontat/go-error-manager/err_manager.go:52.88,55.2 2 7
github.com/kamontat/go-error-manager/err_manager.go:58.60,59.16 1 3
github.com/kamontat/go-error-manager/err_manager.go:62.2,62.23 1 1
github.com/kamontat/go-error-manager/err_manager.go:59.16,61.3 1 2
github.com/kamontat/go-error-manager/err_manager.go:66.50,67.16 1 4
github.com/kamontat/go-error-manager/err_manager.go:70.2,70.12 1 1
github.com/kamontat/go-error-manager/err_manager.go:67.16,69.3 1 3
github.com/kamontat/go-error-manager/err_manager.go:74.67,75.16 1 3
github.com/kamontat/go-error-manager/err_manager.go:78.2,78.12 1 1
github.com/kamontat/go-error-manager/err_manager.go:75.16,77.3 1 2
github.com/kamontat/go-error-manager/err_manager.go:82.76,85.2 2 1
github.com/kamontat/go-error-manager/err_manager.go:88.45,91.2 2 39
github.com/kamontat/go-error-manager/err_manager.go:94.39,96.2 1 27
github.com/kamontat/go-error-manager/err_manager.go:99.39,101.2 1 24
github.com/kamontat/go-error-manager/err_manager.go:104.61,105.16 1 3
github.com/kamontat/go-error-manager/err_manager.go:111.2,111.10 1 3
github.com/kamontat/go-error-manager/err_manager.go:105.16,108.3 2 2
github.com/kamontat/go-error-manager/err_manager.go:108.8,110.3 1 1
github.com/kamontat/go-error-manager/err_manager.go:115.57,116.15 1 45
github.com/kamontat/go-error-manager/err_manager.go:123.2,123.10 1 45
github.com/kamontat/go-error-manager/err_manager.go:116.15,119.3 2 1
github.com/kamontat/go-error-manager/err_manager.go:119.8,119.23 1 44
github.com/kamontat/go-error-manager/err_manager.go:119.23,122.3 2 36
github.com/kamontat/go-error-manager/err_manager.go:127.69,128.19 1 21
github.com/kamontat/go-error-manager/err_manager.go:131.2,131.10 1 1
github.com/kamontat/go-error-manager/err_manager.go:128.19,130.3 1 20
github.com/kamontat/go-error-manager/err_manager.go:135.73,140.2 4 1
github.com/kamontat/go-error-manager/err_manager.go:143.41,145.15 2 12
github.com/kamontat/go-error-manager/err_manager.go:149.2,149.31 1 6
github.com/kamontat/go-error-manager/err_manager.go:145.15,148.3 2 6
github.com/kamontat/go-error-manager/err_manager.go:153.76,155.15 2 2
github.com/kamontat/go-error-manager/err_manager.go:159.2,159.31 1 1
github.com/kamontat/go-error-manager/err_manager.go:155.15,158.3 2 1
github.com/kamontat/go-error-manager/err_manager.go:164.42,170.2 5 32
github.com/kamontat/go-error-manager/err_manager_throw.go:20.39,22.2 1 12
github.com/kamontat/go-error-manager/err_manager_throw.go:25.41,27.2 1 6
github.com/kamontat/go-error-manager/err_manager_throw.go:30.42,32.2 1 8
github.com/kamontat/go-error-manager/err_manager_throw.go:35.28,36.20 1 3
github.com/kamontat/go-error-manager/err_manager_throw.go:36.20,38.3 1 0
github.com/kamontat/go-error-manager/err_manager_throw.go:42.44,45.2 2 1
github.com/kamontat/go-error-manager/err_manager_throw.go:48.46,50.27 2 6
github.com/kamontat/go-error-manager/err_manager_throw.go:53.2,53.12 1 6
github.com/kamontat/go-error-manager/err_manager_throw.go:50.27,52.3 1 14
github.com/kamontat/go-error-manager/err_manager_throw.go:56.73,63.2 1 7
github.com/kamontat/go-error-manager/err_manager_throw.go:65.40,72.2 1 7
